<?xml version="1.0" encoding="UTF-8"?>
<!-- Generated by org.testng.reporters.JUnitReportReporter -->
<testsuite hostname="LAPTOP-Q99AU4LO" failures="0" tests="4" name="TestNG.TestAnnotations" time="0.007" errors="0" timestamp="2022-12-13T23:24:43 IST" skipped="1">
  <testcase classname="TestNG.TestAnnotations" name="VerifyMobNo" time="0.002"/>
  <system-out>
    <![CDATA[Verified Mob no]]>
  </system-out>
  <testcase classname="TestNG.TestAnnotations" name="VerifyMobNo" time="0.001"/>
  <system-out>
    <![CDATA[Verified Mob no]]>
  </system-out>
  <testcase classname="TestNG.TestAnnotations" name="VerifyMobNo" time="0.004"/>
  <system-out>
    <![CDATA[Verified Mob no]]>
  </system-out>
  <testcase classname="TestNG.TestAnnotations" name="VerifyPersonName">
    <skipped/>
  </testcase> <!-- VerifyPersonName -->
  <system-out/>
</testsuite> <!-- TestNG.TestAnnotations -->
