<?xml version="1.0" encoding="UTF-8"?>
<!-- Generated by org.testng.reporters.JUnitReportReporter -->
<testsuite hostname="LAPTOP-Q99AU4LO" failures="0" tests="3" name="TestNG.DependsOnMethods2" time="0.008" errors="0" timestamp="2022-12-15T23:06:23 IST" skipped="0">
  <testcase classname="TestNG.DependsOnMethods2" name="login1" time="0.006"/>
  <system-out>
    <![CDATA[----running login1 TC ---]]>
  </system-out>
  <testcase classname="TestNG.DependsOnMethods2" name="login2" time="0.001"/>
  <system-out>
    <![CDATA[----running login2 TC ---]]>
  </system-out>
  <testcase classname="TestNG.DependsOnMethods2" name="logout" time="0.001"/>
  <system-out>
    <![CDATA[----running logout TC---- ]]>
  </system-out>
</testsuite> <!-- TestNG.DependsOnMethods2 -->
