<?xml version="1.0" encoding="UTF-8"?>
<!-- Generated by org.testng.reporters.JUnitReportReporter -->
<testsuite hostname="LAPTOP-Q99AU4LO" failures="0" tests="3" name="TestSuit.Example_1" time="0.008" errors="0" timestamp="2022-12-16T11:55:04 IST" skipped="0">
  <testcase classname="TestSuit.Example_1" name="TC2" time="0.001"/>
  <system-out>
    <![CDATA[----running TC2 ---]]>
  </system-out>
  <testcase classname="TestSuit.Example_1" name="TC3" time="0.001"/>
  <system-out>
    <![CDATA[----running TC3---- ]]>
  </system-out>
  <testcase classname="TestSuit.Example_1" name="TC1" time="0.006"/>
  <system-out>
    <![CDATA[----running TC1  ---]]>
  </system-out>
</testsuite> <!-- TestSuit.Example_1 -->
