<?xml version="1.0" encoding="UTF-8"?>
<!-- Generated by org.testng.reporters.JUnitReportReporter -->
<testsuite hostname="LAPTOP-Q99AU4LO" failures="0" tests="1" name="TestNG.TimeOut" time="3.014" errors="0" timestamp="2022-12-15T22:57:45 IST" skipped="0">
  <testcase classname="TestNG.TimeOut" name="TC3" time="3.014"/>
  <system-out>
    <![CDATA[----running TC3 ---]]>
  </system-out>
</testsuite> <!-- TestNG.TimeOut -->
