<?xml version="1.0" encoding="UTF-8"?>
<!-- Generated by org.testng.reporters.JUnitReportReporter -->
<testsuite hostname="LAPTOP-Q99AU4LO" failures="0" tests="1" name="POM_DDF_TESTNG.PBLogInTest" time="267.131" errors="0" timestamp="2022-12-25T17:51:07 IST" skipped="0">
  <testcase classname="POM_DDF_TESTNG.PBLogInTest" name="VerifyName" time="267.131"/>
  <system-out/>
</testsuite> <!-- POM_DDF_TESTNG.PBLogInTest -->
