<?xml version="1.0" encoding="UTF-8"?>
<!-- Generated by org.testng.reporters.JUnitReportReporter -->
<testsuite hostname="LAPTOP-Q99AU4LO" failures="0" tests="3" name="TestNG.Grouping_1" time="0.000" errors="0" timestamp="2022-12-21T17:00:42 IST" skipped="0">
  <testcase classname="TestNG.Grouping_1" name="TC3" time="0.000"/>
  <system-out>
    <![CDATA[running TC3]]>
  </system-out>
  <testcase classname="TestNG.Grouping_1" name="TC2" time="0.000"/>
  <system-out>
    <![CDATA[running TC2]]>
  </system-out>
  <testcase classname="TestNG.Grouping_1" name="TC1" time="0.000"/>
  <system-out>
    <![CDATA[running TC1]]>
  </system-out>
</testsuite> <!-- TestNG.Grouping_1 -->
