<?xml version="1.0" encoding="UTF-8"?>
<!-- Generated by org.testng.reporters.JUnitReportReporter -->
<testsuite hostname="LAPTOP-Q99AU4LO" failures="0" tests="4" name="TestNG.Priority_2" time="0.001" errors="0" timestamp="2022-12-21T15:32:59 IST" skipped="0">
  <testcase classname="TestNG.Priority_2" name="openMyacc" time="0.001"/>
  <system-out>
    <![CDATA[Opend account ]]>
  </system-out>
  <testcase classname="TestNG.Priority_2" name="ClickonmyProfile" time="0.000"/>
  <system-out>
    <![CDATA[Opend Profile ]]>
  </system-out>
  <testcase classname="TestNG.Priority_2" name="verifyMynam" time="0.000"/>
  <system-out>
    <![CDATA[Verified profile ]]>
  </system-out>
  <testcase classname="TestNG.Priority_2" name="LoginAppln" time="0.000"/>
  <system-out>
    <![CDATA[Loged into appln ]]>
  </system-out>
</testsuite> <!-- TestNG.Priority_2 -->
