<?xml version="1.0" encoding="UTF-8"?>
<!-- Generated by org.testng.reporters.JUnitReportReporter -->
<testsuite hostname="LAPTOP-Q99AU4LO" failures="0" tests="1" name="TestNG.Priority" time="0.005" errors="0" timestamp="2022-12-21T15:37:17 IST" skipped="0">
  <testcase classname="TestNG.Priority" name="TC1" time="0.005"/>
  <system-out>
    <![CDATA[Loged into appln ]]>
  </system-out>
</testsuite> <!-- TestNG.Priority -->
