<?xml version="1.0" encoding="UTF-8"?>
<!-- Generated by org.testng.reporters.JUnitReportReporter -->
<testsuite hostname="LAPTOP-Q99AU4LO" failures="0" tests="1" name="Project_PolicyBazaar_Ins.PBLogInTest" time="51.339" errors="0" timestamp="2022-12-25T17:39:55 IST" skipped="0">
  <testcase classname="Project_PolicyBazaar_Ins.PBLogInTest" name="VerifyName" time="51.339"/>
  <system-out/>
</testsuite> <!-- Project_PolicyBazaar_Ins.PBLogInTest -->
