<?xml version="1.0" encoding="UTF-8"?>
<!-- Generated by org.testng.reporters.JUnitReportReporter -->
<testsuite hostname="LAPTOP-Q99AU4LO" failures="0" tests="3" name="TestSuit.Example_2" time="0.006" errors="0" timestamp="2022-12-15T23:32:30 IST" skipped="0">
  <testcase classname="TestSuit.Example_2" name="TC5" time="0.000"/>
  <system-out>
    <![CDATA[----running TC5 ---]]>
  </system-out>
  <testcase classname="TestSuit.Example_2" name="TC6" time="0.000"/>
  <system-out>
    <![CDATA[----running TC6---- ]]>
  </system-out>
  <testcase classname="TestSuit.Example_2" name="TC4" time="0.006"/>
  <system-out>
    <![CDATA[----running TC4  ---]]>
  </system-out>
</testsuite> <!-- TestSuit.Example_2 -->
