<?xml version="1.0" encoding="UTF-8"?>
<!-- Generated by org.testng.reporters.JUnitReportReporter -->
<testsuite hostname="LAPTOP-Q99AU4LO" failures="0" tests="2" name="TestNG.DependsOnMethods" time="0.006" errors="0" timestamp="2022-12-15T23:00:46 IST" skipped="0">
  <testcase classname="TestNG.DependsOnMethods" name="login" time="0.005"/>
  <system-out>
    <![CDATA[----running login TC ---]]>
  </system-out>
  <testcase classname="TestNG.DependsOnMethods" name="logout" time="0.001"/>
  <system-out>
    <![CDATA[----running logout TC---- ]]>
  </system-out>
</testsuite> <!-- TestNG.DependsOnMethods -->
