<?xml version="1.0" encoding="UTF-8"?>
<!-- Generated by org.testng.reporters.JUnitReportReporter -->
<testsuite hostname="LAPTOP-Q99AU4LO" failures="0" tests="3" name="TestNG.Grouping_2" time="0.005" errors="0" timestamp="2022-12-21T17:00:42 IST" skipped="0">
  <testcase classname="TestNG.Grouping_2" name="TC6" time="0.000"/>
  <system-out>
    <![CDATA[running TC6]]>
  </system-out>
  <testcase classname="TestNG.Grouping_2" name="TC5" time="0.005"/>
  <system-out>
    <![CDATA[running TC5]]>
  </system-out>
  <testcase classname="TestNG.Grouping_2" name="TC7" time="0.000"/>
  <system-out>
    <![CDATA[running TC7]]>
  </system-out>
</testsuite> <!-- TestNG.Grouping_2 -->
