<?xml version="1.0" encoding="UTF-8"?>
<!-- Generated by org.testng.reporters.JUnitReportReporter -->
<testsuite hostname="LAPTOP-Q99AU4LO" failures="0" tests="1" name="TestNG.Example_1" time="21.180" errors="0" timestamp="2022-12-13T12:14:27 IST" skipped="0">
  <testcase classname="TestNG.Example_1" name="OpnAppln" time="21.180"/>
  <system-out/>
</testsuite> <!-- TestNG.Example_1 -->
