<?xml version="1.0" encoding="UTF-8"?>
<!-- Generated by org.testng.reporters.JUnitReportReporter -->
<testsuite hostname="LAPTOP-Q99AU4LO" failures="0" tests="1" name="TestNG.AssertEquals" time="0.005" errors="0" timestamp="2022-12-16T23:36:28 IST" skipped="0">
  <testcase classname="TestNG.AssertEquals" name="asssertEquals" time="0.005"/>
  <system-out/>
</testsuite> <!-- TestNG.AssertEquals -->
