<?xml version="1.0" encoding="UTF-8"?>
<!-- Generated by org.testng.reporters.JUnitReportReporter -->
<testsuite hostname="LAPTOP-Q99AU4LO" failures="0" tests="2" name="TestNG.CrossBrowsing" time="31.706" errors="0" timestamp="2022-12-22T14:56:48 IST" skipped="0">
  <testcase classname="TestNG.CrossBrowsing" name="openApp" time="14.685"/>
  <system-out/>
  <testcase classname="TestNG.CrossBrowsing" name="openApp" time="17.021"/>
  <system-out/>
</testsuite> <!-- TestNG.CrossBrowsing -->
