<?xml version="1.0" encoding="UTF-8"?>
<!-- Generated by org.testng.reporters.JUnitReportReporter -->
<testsuite hostname="LAPTOP-Q99AU4LO" failures="0" tests="1" name="TestNG.SoftAssertclass" time="0.008" errors="0" timestamp="2022-12-20T23:34:54 IST" skipped="0">
  <testcase classname="TestNG.SoftAssertclass" name="TC" time="0.008"/>
  <system-out/>
</testsuite> <!-- TestNG.SoftAssertclass -->
